[ 50%] [32mBuilding CXX object CMakeFiles/gazebo_ros_j8_wheels_plugin.dir/src/gazebo_ros_j8_wheels_speed.cpp.o[0m
[01m[K/home/rhobtor/PHD/ARGOJ8_IA/src/gazebo_sim_pkgs/j8_xacro_model/src/gazebo_ros_j8_wheels_speed.cpp:[m[K In member function â€˜[01m[Kvoid gazebo::GazeboRosJ8WheelsPlugin::cmdThrottleCb(argj801_ctl_platform_interfaces::msg::CmdThrottleMsg_<std::allocator<void> >::SharedPtr)[m[Kâ€™:
[01m[K/home/rhobtor/PHD/ARGOJ8_IA/src/gazebo_sim_pkgs/j8_xacro_model/src/gazebo_ros_j8_wheels_speed.cpp:1045:16:[m[K [01;31m[Kerror: [m[Kâ€˜[01m[Kthr_in[m[Kâ€™ was not declared in this scope; did you mean â€˜[01m[Kthr_[m[Kâ€™?
 1045 |   if (std::abs([01;31m[Kthr_in[m[K) < MIN_HOLD && std::abs(str_in) < MIN_HOLD) {
      |                [01;31m[K^~~~~~[m[K
      |                [32m[Kthr_[m[K
[01m[K/home/rhobtor/PHD/ARGOJ8_IA/src/gazebo_sim_pkgs/j8_xacro_model/src/gazebo_ros_j8_wheels_speed.cpp:1045:47:[m[K [01;31m[Kerror: [m[Kâ€˜[01m[Kstr_in[m[Kâ€™ was not declared in this scope; did you mean â€˜[01m[Kstr_[m[Kâ€™?
 1045 |   if (std::abs(thr_in) < MIN_HOLD && std::abs([01;31m[Kstr_in[m[K) < MIN_HOLD) {
      |                                               [01;31m[K^~~~~~[m[K
      |                                               [32m[Kstr_[m[K
[01m[K/home/rhobtor/PHD/ARGOJ8_IA/src/gazebo_sim_pkgs/j8_xacro_model/src/gazebo_ros_j8_wheels_speed.cpp:1049:14:[m[K [01;31m[Kerror: [m[Kâ€˜[01m[Kthr_in[m[Kâ€™ was not declared in this scope; did you mean â€˜[01m[Kthr_[m[Kâ€™?
 1049 |   thr_cmd_ = [01;31m[Kthr_in[m[K;
      |              [01;31m[K^~~~~~[m[K
      |              [32m[Kthr_[m[K
[01m[K/home/rhobtor/PHD/ARGOJ8_IA/src/gazebo_sim_pkgs/j8_xacro_model/src/gazebo_ros_j8_wheels_speed.cpp:1050:14:[m[K [01;31m[Kerror: [m[Kâ€˜[01m[Kstr_in[m[Kâ€™ was not declared in this scope; did you mean â€˜[01m[Kstr_[m[Kâ€™?
 1050 |   str_cmd_ = [01;31m[Kstr_in[m[K;
      |              [01;31m[K^~~~~~[m[K
      |              [32m[Kstr_[m[K
[01m[K/home/rhobtor/PHD/ARGOJ8_IA/src/gazebo_sim_pkgs/j8_xacro_model/src/gazebo_ros_j8_wheels_speed.cpp:1042:10:[m[K [01;35m[Kwarning: [m[Kunused variable â€˜[01m[Kthr[m[Kâ€™ [[01;35m[K]8;;https://gcc.gnu.org/onlinedocs/gcc/Warning-Options.html#index-Wunused-variable-Wunused-variable]8;;[m[K]
 1042 |   double [01;35m[Kthr[m[K = std::clamp<double>(static_cast<double>(msg->throttle), -100.0, 100.0)* thr_to_rad_;
      |          [01;35m[K^~~[m[K
[01m[K/home/rhobtor/PHD/ARGOJ8_IA/src/gazebo_sim_pkgs/j8_xacro_model/src/gazebo_ros_j8_wheels_speed.cpp:1043:10:[m[K [01;35m[Kwarning: [m[Kunused variable â€˜[01m[Kstr[m[Kâ€™ [[01;35m[K]8;;https://gcc.gnu.org/onlinedocs/gcc/Warning-Options.html#index-Wunused-variable-Wunused-variable]8;;[m[K]
 1043 |   double [01;35m[Kstr[m[K = std::clamp<double>(static_cast<double>(msg->steering), -100.0, 100.0) * str_to_rad_;
      |          [01;35m[K^~~[m[K
gmake[2]: *** [CMakeFiles/gazebo_ros_j8_wheels_plugin.dir/build.make:76: CMakeFiles/gazebo_ros_j8_wheels_plugin.dir/src/gazebo_ros_j8_wheels_speed.cpp.o] Error 1
gmake[1]: *** [CMakeFiles/Makefile2:137: CMakeFiles/gazebo_ros_j8_wheels_plugin.dir/all] Error 2
gmake: *** [Makefile:146: all] Error 2
