In file included from [01m[K/opt/ros/humble/include/rclcpp/rclcpp/logging.hpp:24[m[K,
                 from [01m[K/opt/ros/humble/include/rclcpp/rclcpp/client.hpp:40[m[K,
                 from [01m[K/opt/ros/humble/include/rclcpp/rclcpp/callback_group.hpp:24[m[K,
                 from [01m[K/opt/ros/humble/include/rclcpp/rclcpp/any_executable.hpp:20[m[K,
                 from [01m[K/opt/ros/humble/include/rclcpp/rclcpp/memory_strategy.hpp:25[m[K,
                 from [01m[K/opt/ros/humble/include/rclcpp/rclcpp/memory_strategies.hpp:18[m[K,
                 from [01m[K/opt/ros/humble/include/rclcpp/rclcpp/executor_options.hpp:20[m[K,
                 from [01m[K/opt/ros/humble/include/rclcpp/rclcpp/executor.hpp:37[m[K,
                 from [01m[K/opt/ros/humble/include/rclcpp/rclcpp/executors/multi_threaded_executor.hpp:25[m[K,
                 from [01m[K/opt/ros/humble/include/rclcpp/rclcpp/executors.hpp:21[m[K,
                 from [01m[K/opt/ros/humble/include/rclcpp/rclcpp/rclcpp.hpp:155[m[K,
                 from [01m[K/home/rhobtor/PHD/ARGOJ8_IA/src/car_cpp/src/check_goal.cpp:1[m[K:
[01m[K/home/rhobtor/PHD/ARGOJ8_IA/src/car_cpp/src/check_goal.cpp:[m[K In member function â€˜[01m[Kvoid GoalReachedNode::controlLoop()[m[Kâ€™:
[01m[K/home/rhobtor/PHD/ARGOJ8_IA/src/car_cpp/src/check_goal.cpp:97:97:[m[K [01;31m[Kerror: [m[Kâ€˜[01m[Kdistance[m[Kâ€™ was not declared in this scope; did you mean â€˜[01m[Kstd::distance[m[Kâ€™?
   97 |     RCLCPP_INFO(this->get_logger(), "dx: %.2f, dy: %.2f, dz: %.2f, distance: %.2f", dx, dy, dz, [01;31m[Kdistance[m[K);
      |                                                                                                 [01;31m[K^~~~~~~~[m[K
In file included from [01m[K/usr/include/c++/11/bits/stl_algobase.h:66[m[K,
                 from [01m[K/usr/include/c++/11/memory:63[m[K,
                 from [01m[K/opt/ros/humble/include/rclcpp/rclcpp/rclcpp.hpp:153[m[K,
                 from [01m[K/home/rhobtor/PHD/ARGOJ8_IA/src/car_cpp/src/check_goal.cpp:1[m[K:
[01m[K/usr/include/c++/11/bits/stl_iterator_base_funcs.h:138:5:[m[K [01;36m[Knote: [m[Kâ€˜[01m[Kstd::distance[m[Kâ€™ declared here
  138 |     [01;36m[Kdistance[m[K(_InputIterator __first, _InputIterator __last)
      |     [01;36m[K^~~~~~~~[m[K
In file included from [01m[K/opt/ros/humble/include/rclcpp/rclcpp/logging.hpp:24[m[K,
                 from [01m[K/opt/ros/humble/include/rclcpp/rclcpp/client.hpp:40[m[K,
                 from [01m[K/opt/ros/humble/include/rclcpp/rclcpp/callback_group.hpp:24[m[K,
                 from [01m[K/opt/ros/humble/include/rclcpp/rclcpp/any_executable.hpp:20[m[K,
                 from [01m[K/opt/ros/humble/include/rclcpp/rclcpp/memory_strategy.hpp:25[m[K,
                 from [01m[K/opt/ros/humble/include/rclcpp/rclcpp/memory_strategies.hpp:18[m[K,
                 from [01m[K/opt/ros/humble/include/rclcpp/rclcpp/executor_options.hpp:20[m[K,
                 from [01m[K/opt/ros/humble/include/rclcpp/rclcpp/executor.hpp:37[m[K,
                 from [01m[K/opt/ros/humble/include/rclcpp/rclcpp/executors/multi_threaded_executor.hpp:25[m[K,
                 from [01m[K/opt/ros/humble/include/rclcpp/rclcpp/executors.hpp:21[m[K,
                 from [01m[K/opt/ros/humble/include/rclcpp/rclcpp/rclcpp.hpp:155[m[K,
                 from [01m[K/home/rhobtor/PHD/ARGOJ8_IA/src/car_cpp/src/check_goal.cpp:1[m[K:
[01m[K/home/rhobtor/PHD/ARGOJ8_IA/src/car_cpp/src/check_goal.cpp:112:76:[m[K [01;31m[Kerror: [m[Kâ€˜[01m[Kdistance[m[Kâ€™ was not declared in this scope; did you mean â€˜[01m[Kstd::distance[m[Kâ€™?
  112 |       RCLCPP_INFO(this->get_logger(), "Goal alcanzado. Distancia: %.2f m", [01;31m[Kdistance[m[K);
      |                                                                            [01;31m[K^~~~~~~~[m[K
In file included from [01m[K/usr/include/c++/11/bits/stl_algobase.h:66[m[K,
                 from [01m[K/usr/include/c++/11/memory:63[m[K,
                 from [01m[K/opt/ros/humble/include/rclcpp/rclcpp/rclcpp.hpp:153[m[K,
                 from [01m[K/home/rhobtor/PHD/ARGOJ8_IA/src/car_cpp/src/check_goal.cpp:1[m[K:
[01m[K/usr/include/c++/11/bits/stl_iterator_base_funcs.h:138:5:[m[K [01;36m[Knote: [m[Kâ€˜[01m[Kstd::distance[m[Kâ€™ declared here
  138 |     [01;36m[Kdistance[m[K(_InputIterator __first, _InputIterator __last)
      |     [01;36m[K^~~~~~~~[m[K
gmake[2]: *** [CMakeFiles/check_goal.dir/build.make:76: CMakeFiles/check_goal.dir/src/check_goal.cpp.o] Error 1
gmake[1]: *** [CMakeFiles/Makefile2:317: CMakeFiles/check_goal.dir/all] Error 2
gmake: *** [Makefile:146: all] Error 2
