[  7%] Built target navigation_nodes_ground
[ 15%] Built target move_navigation_nodes_frontier
[ 23%] Built target occupied_nodes_near_obstacles
[ 30%] Built target check_goal
[ 38%] Built target frontier_values
[ 46%] Built target navigation_nodes
[ 53%] Built target filtered_navigation_nodes
[ 61%] Built target obstacles_in_2d
[ 65%] [32mBuilding CXX object CMakeFiles/slope_terrain.dir/src/slope_terrain.cpp.o[0m
[ 73%] Built target gridmap
[ 80%] Built target drive_plugin
[ 88%] Built target joints_plugin
[ 96%] Built target move_plugin
[01m[K/home/rhobtor/PHD/ARGOJ8_IA/src/car_cpp/src/slope_terrain.cpp:[m[K In constructor â€˜[01m[KTerrainSlopeNode::TerrainSlopeNode()[m[Kâ€™:
[01m[K/home/rhobtor/PHD/ARGOJ8_IA/src/car_cpp/src/slope_terrain.cpp:59:5:[m[K [01;31m[Kerror: [m[Kâ€˜[01m[Kslope_pose_array_pub_[m[Kâ€™ was not declared in this scope
   59 |     [01;31m[Kslope_pose_array_pub_[m[K = this->create_publisher<visualization_msgs::msg::PoseArray>("terrain_slope_pose", 10);
      |     [01;31m[K^~~~~~~~~~~~~~~~~~~~~[m[K
[01m[K/home/rhobtor/PHD/ARGOJ8_IA/src/car_cpp/src/slope_terrain.cpp:59:77:[m[K [01;31m[Kerror: [m[Kâ€˜[01m[KPoseArray[m[Kâ€™ is not a member of â€˜[01m[Kvisualization_msgs::msg[m[Kâ€™; did you mean â€˜[01m[Kgeometry_msgs::msg::PoseArray[m[Kâ€™?
   59 |     slope_pose_array_pub_ = this->create_publisher<visualization_msgs::msg::[01;31m[KPoseArray[m[K>("terrain_slope_pose", 10);
      |                                                                             [01;31m[K^~~~~~~~~[m[K
In file included from [01m[K/opt/ros/humble/include/geometry_msgs/geometry_msgs/msg/pose_array.hpp:7[m[K,
                 from [01m[K/home/rhobtor/PHD/ARGOJ8_IA/src/car_cpp/src/slope_terrain.cpp:16[m[K:
[01m[K/opt/ros/humble/include/geometry_msgs/geometry_msgs/msg/detail/pose_array__struct.hpp:133:7:[m[K [01;36m[Knote: [m[Kâ€˜[01m[Kgeometry_msgs::msg::PoseArray[m[Kâ€™ declared here
  133 | using [01;36m[KPoseArray[m[K =
      |       [01;36m[K^~~~~~~~~[m[K
[01m[K/home/rhobtor/PHD/ARGOJ8_IA/src/car_cpp/src/slope_terrain.cpp:59:87:[m[K [01;31m[Kerror: [m[Kno matching function for call to â€˜[01m[KTerrainSlopeNode::create_publisher<<expression error> >(const char [19], int)[m[Kâ€™
   59 |     slope_pose_array_pub_ = [01;31m[Kthis->create_publisher<visualization_msgs::msg::PoseArray>("terrain_slope_pose", 10)[m[K;
      |                             [01;31m[K~~~~~~~~~~~~~~~~~~~~~~~~~~~~~~~~~~~~~~~~~~~~~~~~~~~~~~~~~~^~~~~~~~~~~~~~~~~~~~~~~~~~[m[K
In file included from [01m[K/opt/ros/humble/include/rclcpp/rclcpp/node.hpp:1321[m[K,
                 from [01m[K/opt/ros/humble/include/rclcpp/rclcpp/executors/single_threaded_executor.hpp:28[m[K,
                 from [01m[K/opt/ros/humble/include/rclcpp/rclcpp/executors.hpp:22[m[K,
                 from [01m[K/opt/ros/humble/include/rclcpp/rclcpp/rclcpp.hpp:155[m[K,
                 from [01m[K/home/rhobtor/PHD/ARGOJ8_IA/src/car_cpp/src/slope_terrain.cpp:7[m[K:
[01m[K/opt/ros/humble/include/rclcpp/rclcpp/node_impl.hpp:73:1:[m[K [01;36m[Knote: [m[Kcandidate: â€˜[01m[Ktemplate<class MessageT, class AllocatorT, class PublisherT> std::shared_ptr<PublisherT> rclcpp::Node::create_publisher(const string&, const rclcpp::QoS&, const rclcpp::PublisherOptionsWithAllocator<AllocatorT>&)[m[Kâ€™
   73 | [01;36m[KNode[m[K::create_publisher(
      | [01;36m[K^~~~[m[K
[01m[K/opt/ros/humble/include/rclcpp/rclcpp/node_impl.hpp:73:1:[m[K [01;36m[Knote: [m[K  template argument deduction/substitution failed:
[01m[K/home/rhobtor/PHD/ARGOJ8_IA/src/car_cpp/src/slope_terrain.cpp:59:87:[m[K [01;31m[Kerror: [m[Ktemplate argument 1 is invalid
   59 |     slope_pose_array_pub_ = [01;31m[Kthis->create_publisher<visualization_msgs::msg::PoseArray>("terrain_slope_pose", 10)[m[K;
      |                             [01;31m[K~~~~~~~~~~~~~~~~~~~~~~~~~~~~~~~~~~~~~~~~~~~~~~~~~~~~~~~~~~^~~~~~~~~~~~~~~~~~~~~~~~~~[m[K
[01m[K/home/rhobtor/PHD/ARGOJ8_IA/src/car_cpp/src/slope_terrain.cpp:[m[K In member function â€˜[01m[Kvoid TerrainSlopeNode::octomapCallback(octomap_msgs::msg::Octomap_<std::allocator<void> >::SharedPtr)[m[Kâ€™:
[01m[K/home/rhobtor/PHD/ARGOJ8_IA/src/car_cpp/src/slope_terrain.cpp:182:9:[m[K [01;31m[Kerror: [m[Kâ€˜[01m[Kusing Pose = struct geometry_msgs::msg::Pose_<std::allocator<void> >[m[Kâ€™ {aka â€˜[01m[Kstruct geometry_msgs::msg::Pose_<std::allocator<void> >[m[Kâ€™} has no member named â€˜[01m[Kheader[m[Kâ€™
  182 |       p.[01;31m[Kheader[m[K.frame_id = "map";
      |         [01;31m[K^~~~~~[m[K
[01m[K/home/rhobtor/PHD/ARGOJ8_IA/src/car_cpp/src/slope_terrain.cpp:183:9:[m[K [01;31m[Kerror: [m[Kâ€˜[01m[Kusing Pose = struct geometry_msgs::msg::Pose_<std::allocator<void> >[m[Kâ€™ {aka â€˜[01m[Kstruct geometry_msgs::msg::Pose_<std::allocator<void> >[m[Kâ€™} has no member named â€˜[01m[Kheader[m[Kâ€™
  183 |       p.[01;31m[Kheader[m[K.stamp    = this->now();
      |         [01;31m[K^~~~~~[m[K
[01m[K/home/rhobtor/PHD/ARGOJ8_IA/src/car_cpp/src/slope_terrain.cpp:184:9:[m[K [01;31m[Kerror: [m[Kâ€˜[01m[Kusing Pose = struct geometry_msgs::msg::Pose_<std::allocator<void> >[m[Kâ€™ {aka â€˜[01m[Kstruct geometry_msgs::msg::Pose_<std::allocator<void> >[m[Kâ€™} has no member named â€˜[01m[Kns[m[Kâ€™
  184 |       p.[01;31m[Kns[m[K   = "terrain_slope_pose";
      |         [01;31m[K^~[m[K
[01m[K/home/rhobtor/PHD/ARGOJ8_IA/src/car_cpp/src/slope_terrain.cpp:185:9:[m[K [01;31m[Kerror: [m[Kâ€˜[01m[Kusing Pose = struct geometry_msgs::msg::Pose_<std::allocator<void> >[m[Kâ€™ {aka â€˜[01m[Kstruct geometry_msgs::msg::Pose_<std::allocator<void> >[m[Kâ€™} has no member named â€˜[01m[Kid[m[Kâ€™
  185 |       p.[01;31m[Kid[m[K   = id++;
      |         [01;31m[K^~[m[K
[01m[K/home/rhobtor/PHD/ARGOJ8_IA/src/car_cpp/src/slope_terrain.cpp:198:5:[m[K [01;31m[Kerror: [m[Kâ€˜[01m[Kslope_pose_array_pub_[m[Kâ€™ was not declared in this scope
  198 |     [01;31m[Kslope_pose_array_pub_[m[K->publish(terrain_pa);
      |     [01;31m[K^~~~~~~~~~~~~~~~~~~~~[m[K
[01m[K/home/rhobtor/PHD/ARGOJ8_IA/src/car_cpp/src/slope_terrain.cpp:198:36:[m[K [01;31m[Kerror: [m[Kâ€˜[01m[Kterrain_pa[m[Kâ€™ was not declared in this scope
  198 |     slope_pose_array_pub_->publish([01;31m[Kterrain_pa[m[K);
      |                                    [01;31m[K^~~~~~~~~~[m[K
gmake[2]: *** [CMakeFiles/slope_terrain.dir/build.make:76: CMakeFiles/slope_terrain.dir/src/slope_terrain.cpp.o] Error 1
gmake[1]: *** [CMakeFiles/Makefile2:369: CMakeFiles/slope_terrain.dir/all] Error 2
gmake: *** [Makefile:146: all] Error 2
