[0.283s] Invoking command in '/home/rhobtor/PHD/ARGOJ8_IA/build/car_cpp': CMAKE_PREFIX_PATH=/home/rhobtor/PHD/ARGOJ8_IA/install/car_interfaces:/home/rhobtor/PHD/ARGOJ8_IA/install/octomap_mapping:/home/rhobtor/PHD/ARGOJ8_IA/install/octomap_server:/home/rhobtor/PHD/ARGOJ8_IA/install/octomap_rviz_plugins:/home/rhobtor/PHD/ARGOJ8_IA/install/j8_xacro_model:/home/rhobtor/PHD/ARGOJ8_IA/install/hector_gazebo_plugins:/home/rhobtor/PHD/ARGOJ8_IA/install/fixposition_sensor_pkg:/home/rhobtor/PHD/ARGOJ8_IA/install/car_cpp:/home/rhobtor/PHD/ARGOJ8_IA/install/argj801_ctl_platform:/home/rhobtor/PHD/ARGOJ8_IA/install/argj801_ctl_platform_interfaces:/home/rhobtor/packages/install/grid_map:/home/rhobtor/packages/install/grid_map_demos:/home/rhobtor/packages/install/grid_map_visualization:/home/rhobtor/packages/install/grid_map_sdf:/home/rhobtor/packages/install/grid_map_rviz_plugin:/home/rhobtor/packages/install/grid_map_pcl:/home/rhobtor/packages/install/grid_map_loader:/home/rhobtor/packages/install/grid_map_filters:/home/rhobtor/packages/install/grid_map_ros:/home/rhobtor/packages/install/grid_map_octomap:/home/rhobtor/packages/install/grid_map_msgs:/home/rhobtor/packages/install/grid_map_cv:/home/rhobtor/packages/install/grid_map_costmap_2d:/home/rhobtor/packages/install/grid_map_core:/home/rhobtor/packages/install/grid_map_cmake_helpers:/home/rhobtor/PHD/reactive/Reactive-Navegation/workspace_full_conected/install/octomap_mapping:/home/rhobtor/PHD/reactive/Reactive-Navegation/workspace_full_conected/install/octomap_server:/home/rhobtor/PHD/reactive/Reactive-Navegation/workspace_full_conected/install/octomap_rviz_plugins:/home/rhobtor/PHD/reactive/Reactive-Navegation/workspace_full_conected/install/hector_gazebo_plugins:/home/rhobtor/PHD/reactive/Reactive-Navegation/workspace_full_conected/install/car_cpp:/home/rhobtor/PHD/reactive/Reactive-Navegation/workspace_full_conected/install/car_interfaces:/home/rhobtor/PHD/ARGOJ8_IA/install/car:/home/rhobtor/PHD/reactive/Reactive-Navegation/workspace_full_conected/install/car:/opt/ros/humble LD_LIBRARY_PATH=/home/rhobtor/PHD/ARGOJ8_IA/install/car_interfaces/lib:/home/rhobtor/PHD/ARGOJ8_IA/install/octomap_server/lib:/home/rhobtor/PHD/ARGOJ8_IA/install/octomap_rviz_plugins/lib:/home/rhobtor/PHD/ARGOJ8_IA/install/j8_xacro_model/lib:/home/rhobtor/PHD/ARGOJ8_IA/install/hector_gazebo_plugins/lib:/home/rhobtor/PHD/ARGOJ8_IA/install/fixposition_sensor_pkg/lib:/home/rhobtor/PHD/ARGOJ8_IA/install/car_cpp/lib:/home/rhobtor/PHD/ARGOJ8_IA/install/argj801_ctl_platform_interfaces/lib:/home/rhobtor/packages/install/grid_map_demos/lib:/home/rhobtor/packages/install/grid_map_visualization/lib:/home/rhobtor/packages/install/grid_map_sdf/lib:/home/rhobtor/packages/install/grid_map_rviz_plugin/lib:/home/rhobtor/packages/install/grid_map_pcl/lib:/home/rhobtor/packages/install/grid_map_loader/lib:/home/rhobtor/packages/install/grid_map_filters/lib:/home/rhobtor/packages/install/grid_map_ros/lib:/home/rhobtor/packages/install/grid_map_octomap/lib:/home/rhobtor/packages/install/grid_map_msgs/lib:/home/rhobtor/packages/install/grid_map_cv/lib:/home/rhobtor/packages/install/grid_map_costmap_2d/lib:/home/rhobtor/packages/install/grid_map_core/lib:/home/rhobtor/PHD/reactive/Reactive-Navegation/workspace_full_conected/install/octomap_server/lib:/home/rhobtor/PHD/reactive/Reactive-Navegation/workspace_full_conected/install/octomap_rviz_plugins/lib:/home/rhobtor/PHD/reactive/Reactive-Navegation/workspace_full_conected/install/hector_gazebo_plugins/lib:/home/rhobtor/PHD/reactive/Reactive-Navegation/workspace_full_conected/install/car_cpp/lib:/home/rhobtor/PHD/reactive/Reactive-Navegation/workspace_full_conected/install/car_interfaces/lib:/usr/lib/x86_64-linux-gnu/gazebo-11/plugins:/opt/ros/humble/opt/rviz_ogre_vendor/lib:/opt/ros/humble/lib/x86_64-linux-gnu:/opt/ros/humble/lib /opt/st/stm32cubeclt_1.18.0/CMake/bin/cmake --build /home/rhobtor/PHD/ARGOJ8_IA/build/car_cpp -- -j16 -l16
[0.335s] [  7%] Built target occupied_nodes_near_obstacles
[0.335s] [ 15%] Built target navigation_nodes
[0.335s] [ 38%] Built target check_goal
[0.335s] [ 30%] Built target move_navigation_nodes_frontier
[0.336s] [ 30%] Built target frontier_values
[0.336s] [ 46%] Built target navigation_nodes_ground
[0.336s] [ 53%] Built target filtered_navigation_nodes
[0.336s] [ 61%] Built target gridmap
[0.336s] [ 69%] Built target obstacles_in_2d
[0.337s] [ 73%] [32mBuilding CXX object CMakeFiles/slope_terrain.dir/src/slope_terrain.cpp.o[0m
[0.338s] [ 80%] Built target joints_plugin
[0.342s] [ 88%] Built target drive_plugin
[0.346s] [ 96%] Built target move_plugin
[0.692s] [01m[K/home/rhobtor/PHD/ARGOJ8_IA/src/car_cpp/src/slope_terrain.cpp:194:9:[m[K [01;31m[Kerror: [m[Kextended character â€¦ is not valid in an identifier
[0.693s]   194 |         [01;31m[Kâ€¦[m[K
[0.693s]       |         [01;31m[K^[m[K
[2.653s] [01m[K/home/rhobtor/PHD/ARGOJ8_IA/src/car_cpp/src/slope_terrain.cpp:237:2:[m[K [01;31m[Kerror: [m[Kexpected â€˜[01m[K}[m[Kâ€™ at end of input
[2.653s]   237 | }
[2.653s]       |  [01;31m[K^[m[K
[2.653s] [01m[K/home/rhobtor/PHD/ARGOJ8_IA/src/car_cpp/src/slope_terrain.cpp:42:1:[m[K [01;36m[Knote: [m[Kto match this â€˜[01m[K{[m[Kâ€™
[2.653s]    42 | [01;36m[K{[m[K
[2.653s]       | [01;36m[K^[m[K
[2.653s] [01m[K/home/rhobtor/PHD/ARGOJ8_IA/src/car_cpp/src/slope_terrain.cpp:[m[K In constructor â€˜[01m[KTerrainSlopeNode::TerrainSlopeNode()[m[Kâ€™:
[2.654s] [01m[K/home/rhobtor/PHD/ARGOJ8_IA/src/car_cpp/src/slope_terrain.cpp:44:52:[m[K [01;31m[Kerror: [m[Kclass â€˜[01m[KTerrainSlopeNode[m[Kâ€™ does not have any field named â€˜[01m[Ktf_buffer_[m[Kâ€™
[2.654s]    44 |   TerrainSlopeNode() : Node("terrain_slope_node"), [01;31m[Ktf_buffer_[m[K(this->get_clock())
[2.654s]       |                                                    [01;31m[K^~~~~~~~~~[m[K
[2.660s] [01m[K/home/rhobtor/PHD/ARGOJ8_IA/src/car_cpp/src/slope_terrain.cpp:52:5:[m[K [01;31m[Kerror: [m[Kâ€˜[01m[Kcell_size_[m[Kâ€™ was not declared in this scope
[2.660s]    52 |     [01;31m[Kcell_size_[m[K                 = this->get_parameter("cell_size").as_double();
[2.660s]       |     [01;31m[K^~~~~~~~~~[m[K
[2.669s] [01m[K/home/rhobtor/PHD/ARGOJ8_IA/src/car_cpp/src/slope_terrain.cpp:53:5:[m[K [01;31m[Kerror: [m[Kâ€˜[01m[Kmax_ground_variation_[m[Kâ€™ was not declared in this scope
[2.669s]    53 |     [01;31m[Kmax_ground_variation_[m[K      = this->get_parameter("max_ground_height_variation").as_double();
[2.669s]       |     [01;31m[K^~~~~~~~~~~~~~~~~~~~~[m[K
[2.675s] [01m[K/home/rhobtor/PHD/ARGOJ8_IA/src/car_cpp/src/slope_terrain.cpp:54:5:[m[K [01;31m[Kerror: [m[Kâ€˜[01m[Kmin_slope_deg_[m[Kâ€™ was not declared in this scope
[2.675s]    54 |     [01;31m[Kmin_slope_deg_[m[K             = this->get_parameter("min_slope_deg").as_double();
[2.675s]       |     [01;31m[K^~~~~~~~~~~~~~[m[K
[2.683s] [01m[K/home/rhobtor/PHD/ARGOJ8_IA/src/car_cpp/src/slope_terrain.cpp:55:5:[m[K [01;31m[Kerror: [m[Kâ€˜[01m[Kroi_max_distance_[m[Kâ€™ was not declared in this scope
[2.683s]    55 |     [01;31m[Kroi_max_distance_[m[K          = this->get_parameter("roi_max_distance").as_double();
[2.683s]       |     [01;31m[K^~~~~~~~~~~~~~~~~[m[K
[2.691s] [01m[K/home/rhobtor/PHD/ARGOJ8_IA/src/car_cpp/src/slope_terrain.cpp:58:5:[m[K [01;31m[Kerror: [m[Kâ€˜[01m[Kslope_markers_pub_[m[Kâ€™ was not declared in this scope
[2.691s]    58 |     [01;31m[Kslope_markers_pub_[m[K = this->create_publisher<visualization_msgs::msg::MarkerArray>("terrain_slope", 10);
[2.691s]       |     [01;31m[K^~~~~~~~~~~~~~~~~~[m[K
[2.703s] [01m[K/home/rhobtor/PHD/ARGOJ8_IA/src/car_cpp/src/slope_terrain.cpp:59:5:[m[K [01;31m[Kerror: [m[Kâ€˜[01m[Kslope_pose_array_pub_[m[Kâ€™ was not declared in this scope
[2.703s]    59 |     [01;31m[Kslope_pose_array_pub_[m[K = this->create_publisher<geometry_msgs::msg::PoseArray>("terrain_slope_pose", 10);
[2.703s]       |     [01;31m[K^~~~~~~~~~~~~~~~~~~~~[m[K
[2.710s] [01m[K/home/rhobtor/PHD/ARGOJ8_IA/src/car_cpp/src/slope_terrain.cpp:61:5:[m[K [01;31m[Kerror: [m[Kâ€˜[01m[Koctomap_sub_[m[Kâ€™ was not declared in this scope; did you mean â€˜[01m[Koctomap_msgs[m[Kâ€™?
[2.710s]    61 |     [01;31m[Koctomap_sub_[m[K = this->create_subscription<octomap_msgs::msg::Octomap>(
[2.710s]       |     [01;31m[K^~~~~~~~~~~~[m[K
[2.710s]       |     [32m[Koctomap_msgs[m[K
[2.746s] [01m[K/home/rhobtor/PHD/ARGOJ8_IA/src/car_cpp/src/slope_terrain.cpp:65:5:[m[K [01;31m[Kerror: [m[Kâ€˜[01m[Ktf_listener_[m[Kâ€™ was not declared in this scope
[2.746s]    65 |     [01;31m[Ktf_listener_[m[K = std::make_shared<tf2_ros::TransformListener>(tf_buffer_, this);
[2.746s]       |     [01;31m[K^~~~~~~~~~~~[m[K
[2.750s] [01m[K/home/rhobtor/PHD/ARGOJ8_IA/src/car_cpp/src/slope_terrain.cpp:65:65:[m[K [01;31m[Kerror: [m[Kâ€˜[01m[Ktf_buffer_[m[Kâ€™ was not declared in this scope
[2.750s]    65 |     tf_listener_ = std::make_shared<tf2_ros::TransformListener>([01;31m[Ktf_buffer_[m[K, this);
[2.750s]       |                                                                 [01;31m[K^~~~~~~~~~[m[K
[2.757s] [01m[K/home/rhobtor/PHD/ARGOJ8_IA/src/car_cpp/src/slope_terrain.cpp:[m[K In member function â€˜[01m[Kvoid TerrainSlopeNode::octomapCallback(octomap_msgs::msg::Octomap_<std::allocator<void> >::SharedPtr)[m[Kâ€™:
[2.757s] [01m[K/home/rhobtor/PHD/ARGOJ8_IA/src/car_cpp/src/slope_terrain.cpp:77:21:[m[K [01;31m[Kerror: [m[Kâ€˜[01m[Ktf_buffer_[m[Kâ€™ was not declared in this scope
[2.757s]    77 |       tf_map_base = [01;31m[Ktf_buffer_[m[K.lookupTransform("map", "base_link", rclcpp::Time(0));
[2.757s]       |                     [01;31m[K^~~~~~~~~~[m[K
[2.777s] [01m[K/home/rhobtor/PHD/ARGOJ8_IA/src/car_cpp/src/slope_terrain.cpp:104:21:[m[K [01;31m[Kerror: [m[Kâ€˜[01m[Kroi_max_distance_[m[Kâ€™ was not declared in this scope
[2.777s]   104 |       if (dist_sq > [01;31m[Kroi_max_distance_[m[K * roi_max_distance_) {
[2.777s]       |                     [01;31m[K^~~~~~~~~~~~~~~~~[m[K
[2.782s] [01m[K/home/rhobtor/PHD/ARGOJ8_IA/src/car_cpp/src/slope_terrain.cpp:108:57:[m[K [01;31m[Kerror: [m[Kâ€˜[01m[Kcell_size_[m[Kâ€™ was not declared in this scope
[2.782s]   108 |       CellKey key { static_cast<int>(std::floor(p.x() / [01;31m[Kcell_size_[m[K)),
[2.782s]       |                                                         [01;31m[K^~~~~~~~~~[m[K
[2.792s] [01m[K/home/rhobtor/PHD/ARGOJ8_IA/src/car_cpp/src/slope_terrain.cpp:[m[K In lambda function:
[2.792s] [01m[K/home/rhobtor/PHD/ARGOJ8_IA/src/car_cpp/src/slope_terrain.cpp:136:31:[m[K [01;31m[Kerror: [m[Kâ€˜[01m[Kmax_ground_variation_[m[Kâ€™ was not declared in this scope
[2.792s]   136 |           if (std::fabs(dz) < [01;31m[Kmax_ground_variation_[m[K) {
[2.792s]       |                               [01;31m[K^~~~~~~~~~~~~~~~~~~~~[m[K
[2.797s] [01m[K/home/rhobtor/PHD/ARGOJ8_IA/src/car_cpp/src/slope_terrain.cpp:[m[K In member function â€˜[01m[Kvoid TerrainSlopeNode::octomapCallback(octomap_msgs::msg::Octomap_<std::allocator<void> >::SharedPtr)[m[Kâ€™:
[2.797s] [01m[K/home/rhobtor/PHD/ARGOJ8_IA/src/car_cpp/src/slope_terrain.cpp:151:92:[m[K [01;31m[Kerror: [m[Kâ€˜[01m[Kcell_size_[m[Kâ€™ was not declared in this scope
[2.797s]   151 |                                         (have_dy ? dz_dy : 0.0)*(have_dy ? dz_dy : 0.0)) / [01;31m[Kcell_size_[m[K;
[2.797s]       |                                                                                            [01;31m[K^~~~~~~~~~[m[K
[2.802s] [01m[K/home/rhobtor/PHD/ARGOJ8_IA/src/car_cpp/src/slope_terrain.cpp:154:23:[m[K [01;31m[Kerror: [m[Kâ€˜[01m[Kmin_slope_deg_[m[Kâ€™ was not declared in this scope; did you mean â€˜[01m[Kslope_deg[m[Kâ€™?
[2.802s]   154 |       if (slope_deg < [01;31m[Kmin_slope_deg_[m[K) {
[2.803s]       |                       [01;31m[K^~~~~~~~~~~~~~[m[K
[2.803s]       |                       [32m[Kslope_deg[m[K
[2.806s] [01m[K/home/rhobtor/PHD/ARGOJ8_IA/src/car_cpp/src/slope_terrain.cpp:194:9:[m[K [01;31m[Kerror: [m[Kâ€˜[01m[Kâ€¦[m[Kâ€™ was not declared in this scope
[2.806s]   194 |         [01;31m[Kâ€¦[m[K
[2.806s]       |         [01;31m[K^[m[K
[2.814s] [01m[K/home/rhobtor/PHD/ARGOJ8_IA/src/car_cpp/src/slope_terrain.cpp:210:5:[m[K [01;31m[Kerror: [m[Kâ€˜[01m[Kslope_markers_pub_[m[Kâ€™ was not declared in this scope
[2.814s]   210 |     [01;31m[Kslope_markers_pub_[m[K->publish(markers);
[2.814s]       |     [01;31m[K^~~~~~~~~~~~~~~~~~[m[K
[2.822s] [01m[K/home/rhobtor/PHD/ARGOJ8_IA/src/car_cpp/src/slope_terrain.cpp:211:5:[m[K [01;31m[Kerror: [m[Kâ€˜[01m[Kslope_pose_array_pub_[m[Kâ€™ was not declared in this scope
[2.823s]   211 |     [01;31m[Kslope_pose_array_pub_[m[K->publish(terrain_pa);
[2.823s]       |     [01;31m[K^~~~~~~~~~~~~~~~~~~~~[m[K
[2.826s] [01m[K/home/rhobtor/PHD/ARGOJ8_IA/src/car_cpp/src/slope_terrain.cpp:220:19:[m[K [01;31m[Kerror: [m[Kno matching function for call to â€˜[01m[Ktf2_ros::Buffer::Buffer()[m[Kâ€™
[2.826s]   220 |   tf2_ros::Buffer [01;31m[Ktf_buffer_[m[K;
[2.826s]       |                   [01;31m[K^~~~~~~~~~[m[K
[2.826s] In file included from [01m[K/home/rhobtor/PHD/ARGOJ8_IA/src/car_cpp/src/slope_terrain.cpp:13[m[K:
[2.826s] [01m[K/opt/ros/humble/include/tf2_ros/tf2_ros/buffer.h:73:18:[m[K [01;36m[Knote: [m[Kcandidate: â€˜[01m[Ktf2_ros::Buffer::Buffer(rclcpp::Clock::SharedPtr, tf2::Duration, rclcpp::Node::SharedPtr)[m[Kâ€™
[2.826s]    73 |   TF2_ROS_PUBLIC [01;36m[KBuffer[m[K(
[2.826s]       |                  [01;36m[K^~~~~~[m[K
[2.826s] [01m[K/opt/ros/humble/include/tf2_ros/tf2_ros/buffer.h:73:18:[m[K [01;36m[Knote: [m[K  candidate expects 3 arguments, 0 provided
[2.831s] [01m[K/home/rhobtor/PHD/ARGOJ8_IA/src/car_cpp/src/slope_terrain.cpp:[m[K At global scope:
[2.831s] [01m[K/home/rhobtor/PHD/ARGOJ8_IA/src/car_cpp/src/slope_terrain.cpp:237:2:[m[K [01;31m[Kerror: [m[Kexpected unqualified-id at end of input
[2.831s]   237 | }
[2.831s]       |  [01;31m[K^[m[K
[4.743s] gmake[2]: *** [CMakeFiles/slope_terrain.dir/build.make:76: CMakeFiles/slope_terrain.dir/src/slope_terrain.cpp.o] Error 1
[4.743s] gmake[1]: *** [CMakeFiles/Makefile2:369: CMakeFiles/slope_terrain.dir/all] Error 2
[4.743s] gmake: *** [Makefile:146: all] Error 2
[4.745s] Invoked command in '/home/rhobtor/PHD/ARGOJ8_IA/build/car_cpp' returned '2': CMAKE_PREFIX_PATH=/home/rhobtor/PHD/ARGOJ8_IA/install/car_interfaces:/home/rhobtor/PHD/ARGOJ8_IA/install/octomap_mapping:/home/rhobtor/PHD/ARGOJ8_IA/install/octomap_server:/home/rhobtor/PHD/ARGOJ8_IA/install/octomap_rviz_plugins:/home/rhobtor/PHD/ARGOJ8_IA/install/j8_xacro_model:/home/rhobtor/PHD/ARGOJ8_IA/install/hector_gazebo_plugins:/home/rhobtor/PHD/ARGOJ8_IA/install/fixposition_sensor_pkg:/home/rhobtor/PHD/ARGOJ8_IA/install/car_cpp:/home/rhobtor/PHD/ARGOJ8_IA/install/argj801_ctl_platform:/home/rhobtor/PHD/ARGOJ8_IA/install/argj801_ctl_platform_interfaces:/home/rhobtor/packages/install/grid_map:/home/rhobtor/packages/install/grid_map_demos:/home/rhobtor/packages/install/grid_map_visualization:/home/rhobtor/packages/install/grid_map_sdf:/home/rhobtor/packages/install/grid_map_rviz_plugin:/home/rhobtor/packages/install/grid_map_pcl:/home/rhobtor/packages/install/grid_map_loader:/home/rhobtor/packages/install/grid_map_filters:/home/rhobtor/packages/install/grid_map_ros:/home/rhobtor/packages/install/grid_map_octomap:/home/rhobtor/packages/install/grid_map_msgs:/home/rhobtor/packages/install/grid_map_cv:/home/rhobtor/packages/install/grid_map_costmap_2d:/home/rhobtor/packages/install/grid_map_core:/home/rhobtor/packages/install/grid_map_cmake_helpers:/home/rhobtor/PHD/reactive/Reactive-Navegation/workspace_full_conected/install/octomap_mapping:/home/rhobtor/PHD/reactive/Reactive-Navegation/workspace_full_conected/install/octomap_server:/home/rhobtor/PHD/reactive/Reactive-Navegation/workspace_full_conected/install/octomap_rviz_plugins:/home/rhobtor/PHD/reactive/Reactive-Navegation/workspace_full_conected/install/hector_gazebo_plugins:/home/rhobtor/PHD/reactive/Reactive-Navegation/workspace_full_conected/install/car_cpp:/home/rhobtor/PHD/reactive/Reactive-Navegation/workspace_full_conected/install/car_interfaces:/home/rhobtor/PHD/ARGOJ8_IA/install/car:/home/rhobtor/PHD/reactive/Reactive-Navegation/workspace_full_conected/install/car:/opt/ros/humble LD_LIBRARY_PATH=/home/rhobtor/PHD/ARGOJ8_IA/install/car_interfaces/lib:/home/rhobtor/PHD/ARGOJ8_IA/install/octomap_server/lib:/home/rhobtor/PHD/ARGOJ8_IA/install/octomap_rviz_plugins/lib:/home/rhobtor/PHD/ARGOJ8_IA/install/j8_xacro_model/lib:/home/rhobtor/PHD/ARGOJ8_IA/install/hector_gazebo_plugins/lib:/home/rhobtor/PHD/ARGOJ8_IA/install/fixposition_sensor_pkg/lib:/home/rhobtor/PHD/ARGOJ8_IA/install/car_cpp/lib:/home/rhobtor/PHD/ARGOJ8_IA/install/argj801_ctl_platform_interfaces/lib:/home/rhobtor/packages/install/grid_map_demos/lib:/home/rhobtor/packages/install/grid_map_visualization/lib:/home/rhobtor/packages/install/grid_map_sdf/lib:/home/rhobtor/packages/install/grid_map_rviz_plugin/lib:/home/rhobtor/packages/install/grid_map_pcl/lib:/home/rhobtor/packages/install/grid_map_loader/lib:/home/rhobtor/packages/install/grid_map_filters/lib:/home/rhobtor/packages/install/grid_map_ros/lib:/home/rhobtor/packages/install/grid_map_octomap/lib:/home/rhobtor/packages/install/grid_map_msgs/lib:/home/rhobtor/packages/install/grid_map_cv/lib:/home/rhobtor/packages/install/grid_map_costmap_2d/lib:/home/rhobtor/packages/install/grid_map_core/lib:/home/rhobtor/PHD/reactive/Reactive-Navegation/workspace_full_conected/install/octomap_server/lib:/home/rhobtor/PHD/reactive/Reactive-Navegation/workspace_full_conected/install/octomap_rviz_plugins/lib:/home/rhobtor/PHD/reactive/Reactive-Navegation/workspace_full_conected/install/hector_gazebo_plugins/lib:/home/rhobtor/PHD/reactive/Reactive-Navegation/workspace_full_conected/install/car_cpp/lib:/home/rhobtor/PHD/reactive/Reactive-Navegation/workspace_full_conected/install/car_interfaces/lib:/usr/lib/x86_64-linux-gnu/gazebo-11/plugins:/opt/ros/humble/opt/rviz_ogre_vendor/lib:/opt/ros/humble/lib/x86_64-linux-gnu:/opt/ros/humble/lib /opt/st/stm32cubeclt_1.18.0/CMake/bin/cmake --build /home/rhobtor/PHD/ARGOJ8_IA/build/car_cpp -- -j16 -l16
