[01m[K/home/rhobtor/PHD/ARGOJ8_IA/src/car_cpp/src/slope_terrain.cpp:194:9:[m[K [01;31m[Kerror: [m[Kextended character â€¦ is not valid in an identifier
  194 |         [01;31m[Kâ€¦[m[K
      |         [01;31m[K^[m[K
[01m[K/home/rhobtor/PHD/ARGOJ8_IA/src/car_cpp/src/slope_terrain.cpp:237:2:[m[K [01;31m[Kerror: [m[Kexpected â€˜[01m[K}[m[Kâ€™ at end of input
  237 | }
      |  [01;31m[K^[m[K
[01m[K/home/rhobtor/PHD/ARGOJ8_IA/src/car_cpp/src/slope_terrain.cpp:42:1:[m[K [01;36m[Knote: [m[Kto match this â€˜[01m[K{[m[Kâ€™
   42 | [01;36m[K{[m[K
      | [01;36m[K^[m[K
[01m[K/home/rhobtor/PHD/ARGOJ8_IA/src/car_cpp/src/slope_terrain.cpp:[m[K In constructor â€˜[01m[KTerrainSlopeNode::TerrainSlopeNode()[m[Kâ€™:
[01m[K/home/rhobtor/PHD/ARGOJ8_IA/src/car_cpp/src/slope_terrain.cpp:44:52:[m[K [01;31m[Kerror: [m[Kclass â€˜[01m[KTerrainSlopeNode[m[Kâ€™ does not have any field named â€˜[01m[Ktf_buffer_[m[Kâ€™
   44 |   TerrainSlopeNode() : Node("terrain_slope_node"), [01;31m[Ktf_buffer_[m[K(this->get_clock())
      |                                                    [01;31m[K^~~~~~~~~~[m[K
[01m[K/home/rhobtor/PHD/ARGOJ8_IA/src/car_cpp/src/slope_terrain.cpp:52:5:[m[K [01;31m[Kerror: [m[Kâ€˜[01m[Kcell_size_[m[Kâ€™ was not declared in this scope
   52 |     [01;31m[Kcell_size_[m[K                 = this->get_parameter("cell_size").as_double();
      |     [01;31m[K^~~~~~~~~~[m[K
[01m[K/home/rhobtor/PHD/ARGOJ8_IA/src/car_cpp/src/slope_terrain.cpp:53:5:[m[K [01;31m[Kerror: [m[Kâ€˜[01m[Kmax_ground_variation_[m[Kâ€™ was not declared in this scope
   53 |     [01;31m[Kmax_ground_variation_[m[K      = this->get_parameter("max_ground_height_variation").as_double();
      |     [01;31m[K^~~~~~~~~~~~~~~~~~~~~[m[K
[01m[K/home/rhobtor/PHD/ARGOJ8_IA/src/car_cpp/src/slope_terrain.cpp:54:5:[m[K [01;31m[Kerror: [m[Kâ€˜[01m[Kmin_slope_deg_[m[Kâ€™ was not declared in this scope
   54 |     [01;31m[Kmin_slope_deg_[m[K             = this->get_parameter("min_slope_deg").as_double();
      |     [01;31m[K^~~~~~~~~~~~~~[m[K
[01m[K/home/rhobtor/PHD/ARGOJ8_IA/src/car_cpp/src/slope_terrain.cpp:55:5:[m[K [01;31m[Kerror: [m[Kâ€˜[01m[Kroi_max_distance_[m[Kâ€™ was not declared in this scope
   55 |     [01;31m[Kroi_max_distance_[m[K          = this->get_parameter("roi_max_distance").as_double();
      |     [01;31m[K^~~~~~~~~~~~~~~~~[m[K
[01m[K/home/rhobtor/PHD/ARGOJ8_IA/src/car_cpp/src/slope_terrain.cpp:58:5:[m[K [01;31m[Kerror: [m[Kâ€˜[01m[Kslope_markers_pub_[m[Kâ€™ was not declared in this scope
   58 |     [01;31m[Kslope_markers_pub_[m[K = this->create_publisher<visualization_msgs::msg::MarkerArray>("terrain_slope", 10);
      |     [01;31m[K^~~~~~~~~~~~~~~~~~[m[K
[01m[K/home/rhobtor/PHD/ARGOJ8_IA/src/car_cpp/src/slope_terrain.cpp:59:5:[m[K [01;31m[Kerror: [m[Kâ€˜[01m[Kslope_pose_array_pub_[m[Kâ€™ was not declared in this scope
   59 |     [01;31m[Kslope_pose_array_pub_[m[K = this->create_publisher<visualization_msgs::msg::PoseArray>("terrain_slope_pose", 10);
      |     [01;31m[K^~~~~~~~~~~~~~~~~~~~~[m[K
[01m[K/home/rhobtor/PHD/ARGOJ8_IA/src/car_cpp/src/slope_terrain.cpp:59:77:[m[K [01;31m[Kerror: [m[Kâ€˜[01m[KPoseArray[m[Kâ€™ is not a member of â€˜[01m[Kvisualization_msgs::msg[m[Kâ€™; did you mean â€˜[01m[Kgeometry_msgs::msg::PoseArray[m[Kâ€™?
   59 |     slope_pose_array_pub_ = this->create_publisher<visualization_msgs::msg::[01;31m[KPoseArray[m[K>("terrain_slope_pose", 10);
      |                                                                             [01;31m[K^~~~~~~~~[m[K
In file included from [01m[K/opt/ros/humble/include/geometry_msgs/geometry_msgs/msg/pose_array.hpp:7[m[K,
                 from [01m[K/home/rhobtor/PHD/ARGOJ8_IA/src/car_cpp/src/slope_terrain.cpp:16[m[K:
[01m[K/opt/ros/humble/include/geometry_msgs/geometry_msgs/msg/detail/pose_array__struct.hpp:133:7:[m[K [01;36m[Knote: [m[Kâ€˜[01m[Kgeometry_msgs::msg::PoseArray[m[Kâ€™ declared here
  133 | using [01;36m[KPoseArray[m[K =
      |       [01;36m[K^~~~~~~~~[m[K
[01m[K/home/rhobtor/PHD/ARGOJ8_IA/src/car_cpp/src/slope_terrain.cpp:59:87:[m[K [01;31m[Kerror: [m[Kno matching function for call to â€˜[01m[KTerrainSlopeNode::create_publisher<<expression error> >(const char [19], int)[m[Kâ€™
   59 |     slope_pose_array_pub_ = [01;31m[Kthis->create_publisher<visualization_msgs::msg::PoseArray>("terrain_slope_pose", 10)[m[K;
      |                             [01;31m[K~~~~~~~~~~~~~~~~~~~~~~~~~~~~~~~~~~~~~~~~~~~~~~~~~~~~~~~~~~^~~~~~~~~~~~~~~~~~~~~~~~~~[m[K
In file included from [01m[K/opt/ros/humble/include/rclcpp/rclcpp/node.hpp:1321[m[K,
                 from [01m[K/opt/ros/humble/include/rclcpp/rclcpp/executors/single_threaded_executor.hpp:28[m[K,
                 from [01m[K/opt/ros/humble/include/rclcpp/rclcpp/executors.hpp:22[m[K,
                 from [01m[K/opt/ros/humble/include/rclcpp/rclcpp/rclcpp.hpp:155[m[K,
                 from [01m[K/home/rhobtor/PHD/ARGOJ8_IA/src/car_cpp/src/slope_terrain.cpp:7[m[K:
[01m[K/opt/ros/humble/include/rclcpp/rclcpp/node_impl.hpp:73:1:[m[K [01;36m[Knote: [m[Kcandidate: â€˜[01m[Ktemplate<class MessageT, class AllocatorT, class PublisherT> std::shared_ptr<PublisherT> rclcpp::Node::create_publisher(const string&, const rclcpp::QoS&, const rclcpp::PublisherOptionsWithAllocator<AllocatorT>&)[m[Kâ€™
   73 | [01;36m[KNode[m[K::create_publisher(
      | [01;36m[K^~~~[m[K
[01m[K/opt/ros/humble/include/rclcpp/rclcpp/node_impl.hpp:73:1:[m[K [01;36m[Knote: [m[K  template argument deduction/substitution failed:
[01m[K/home/rhobtor/PHD/ARGOJ8_IA/src/car_cpp/src/slope_terrain.cpp:59:87:[m[K [01;31m[Kerror: [m[Ktemplate argument 1 is invalid
   59 |     slope_pose_array_pub_ = [01;31m[Kthis->create_publisher<visualization_msgs::msg::PoseArray>("terrain_slope_pose", 10)[m[K;
      |                             [01;31m[K~~~~~~~~~~~~~~~~~~~~~~~~~~~~~~~~~~~~~~~~~~~~~~~~~~~~~~~~~~^~~~~~~~~~~~~~~~~~~~~~~~~~[m[K
[01m[K/home/rhobtor/PHD/ARGOJ8_IA/src/car_cpp/src/slope_terrain.cpp:61:5:[m[K [01;31m[Kerror: [m[Kâ€˜[01m[Koctomap_sub_[m[Kâ€™ was not declared in this scope; did you mean â€˜[01m[Koctomap_msgs[m[Kâ€™?
   61 |     [01;31m[Koctomap_sub_[m[K = this->create_subscription<octomap_msgs::msg::Octomap>(
      |     [01;31m[K^~~~~~~~~~~~[m[K
      |     [32m[Koctomap_msgs[m[K
[01m[K/home/rhobtor/PHD/ARGOJ8_IA/src/car_cpp/src/slope_terrain.cpp:65:5:[m[K [01;31m[Kerror: [m[Kâ€˜[01m[Ktf_listener_[m[Kâ€™ was not declared in this scope
   65 |     [01;31m[Ktf_listener_[m[K = std::make_shared<tf2_ros::TransformListener>(tf_buffer_, this);
      |     [01;31m[K^~~~~~~~~~~~[m[K
[01m[K/home/rhobtor/PHD/ARGOJ8_IA/src/car_cpp/src/slope_terrain.cpp:65:65:[m[K [01;31m[Kerror: [m[Kâ€˜[01m[Ktf_buffer_[m[Kâ€™ was not declared in this scope
   65 |     tf_listener_ = std::make_shared<tf2_ros::TransformListener>([01;31m[Ktf_buffer_[m[K, this);
      |                                                                 [01;31m[K^~~~~~~~~~[m[K
[01m[K/home/rhobtor/PHD/ARGOJ8_IA/src/car_cpp/src/slope_terrain.cpp:[m[K In member function â€˜[01m[Kvoid TerrainSlopeNode::octomapCallback(octomap_msgs::msg::Octomap_<std::allocator<void> >::SharedPtr)[m[Kâ€™:
[01m[K/home/rhobtor/PHD/ARGOJ8_IA/src/car_cpp/src/slope_terrain.cpp:77:21:[m[K [01;31m[Kerror: [m[Kâ€˜[01m[Ktf_buffer_[m[Kâ€™ was not declared in this scope
   77 |       tf_map_base = [01;31m[Ktf_buffer_[m[K.lookupTransform("map", "base_link", rclcpp::Time(0));
      |                     [01;31m[K^~~~~~~~~~[m[K
[01m[K/home/rhobtor/PHD/ARGOJ8_IA/src/car_cpp/src/slope_terrain.cpp:104:21:[m[K [01;31m[Kerror: [m[Kâ€˜[01m[Kroi_max_distance_[m[Kâ€™ was not declared in this scope
  104 |       if (dist_sq > [01;31m[Kroi_max_distance_[m[K * roi_max_distance_) {
      |                     [01;31m[K^~~~~~~~~~~~~~~~~[m[K
[01m[K/home/rhobtor/PHD/ARGOJ8_IA/src/car_cpp/src/slope_terrain.cpp:108:57:[m[K [01;31m[Kerror: [m[Kâ€˜[01m[Kcell_size_[m[Kâ€™ was not declared in this scope
  108 |       CellKey key { static_cast<int>(std::floor(p.x() / [01;31m[Kcell_size_[m[K)),
      |                                                         [01;31m[K^~~~~~~~~~[m[K
[01m[K/home/rhobtor/PHD/ARGOJ8_IA/src/car_cpp/src/slope_terrain.cpp:[m[K In lambda function:
[01m[K/home/rhobtor/PHD/ARGOJ8_IA/src/car_cpp/src/slope_terrain.cpp:136:31:[m[K [01;31m[Kerror: [m[Kâ€˜[01m[Kmax_ground_variation_[m[Kâ€™ was not declared in this scope
  136 |           if (std::fabs(dz) < [01;31m[Kmax_ground_variation_[m[K) {
      |                               [01;31m[K^~~~~~~~~~~~~~~~~~~~~[m[K
[01m[K/home/rhobtor/PHD/ARGOJ8_IA/src/car_cpp/src/slope_terrain.cpp:[m[K In member function â€˜[01m[Kvoid TerrainSlopeNode::octomapCallback(octomap_msgs::msg::Octomap_<std::allocator<void> >::SharedPtr)[m[Kâ€™:
[01m[K/home/rhobtor/PHD/ARGOJ8_IA/src/car_cpp/src/slope_terrain.cpp:151:92:[m[K [01;31m[Kerror: [m[Kâ€˜[01m[Kcell_size_[m[Kâ€™ was not declared in this scope
  151 |                                         (have_dy ? dz_dy : 0.0)*(have_dy ? dz_dy : 0.0)) / [01;31m[Kcell_size_[m[K;
      |                                                                                            [01;31m[K^~~~~~~~~~[m[K
[01m[K/home/rhobtor/PHD/ARGOJ8_IA/src/car_cpp/src/slope_terrain.cpp:154:23:[m[K [01;31m[Kerror: [m[Kâ€˜[01m[Kmin_slope_deg_[m[Kâ€™ was not declared in this scope; did you mean â€˜[01m[Kslope_deg[m[Kâ€™?
  154 |       if (slope_deg < [01;31m[Kmin_slope_deg_[m[K) {
      |                       [01;31m[K^~~~~~~~~~~~~~[m[K
      |                       [32m[Kslope_deg[m[K
[01m[K/home/rhobtor/PHD/ARGOJ8_IA/src/car_cpp/src/slope_terrain.cpp:194:9:[m[K [01;31m[Kerror: [m[Kâ€˜[01m[Kâ€¦[m[Kâ€™ was not declared in this scope
  194 |         [01;31m[Kâ€¦[m[K
      |         [01;31m[K^[m[K
[01m[K/home/rhobtor/PHD/ARGOJ8_IA/src/car_cpp/src/slope_terrain.cpp:210:5:[m[K [01;31m[Kerror: [m[Kâ€˜[01m[Kslope_markers_pub_[m[Kâ€™ was not declared in this scope
  210 |     [01;31m[Kslope_markers_pub_[m[K->publish(markers);
      |     [01;31m[K^~~~~~~~~~~~~~~~~~[m[K
[01m[K/home/rhobtor/PHD/ARGOJ8_IA/src/car_cpp/src/slope_terrain.cpp:211:5:[m[K [01;31m[Kerror: [m[Kâ€˜[01m[Kslope_pose_array_pub_[m[Kâ€™ was not declared in this scope
  211 |     [01;31m[Kslope_pose_array_pub_[m[K->publish(terrain_pa);
      |     [01;31m[K^~~~~~~~~~~~~~~~~~~~~[m[K
[01m[K/home/rhobtor/PHD/ARGOJ8_IA/src/car_cpp/src/slope_terrain.cpp:220:19:[m[K [01;31m[Kerror: [m[Kno matching function for call to â€˜[01m[Ktf2_ros::Buffer::Buffer()[m[Kâ€™
  220 |   tf2_ros::Buffer [01;31m[Ktf_buffer_[m[K;
      |                   [01;31m[K^~~~~~~~~~[m[K
In file included from [01m[K/home/rhobtor/PHD/ARGOJ8_IA/src/car_cpp/src/slope_terrain.cpp:13[m[K:
[01m[K/opt/ros/humble/include/tf2_ros/tf2_ros/buffer.h:73:18:[m[K [01;36m[Knote: [m[Kcandidate: â€˜[01m[Ktf2_ros::Buffer::Buffer(rclcpp::Clock::SharedPtr, tf2::Duration, rclcpp::Node::SharedPtr)[m[Kâ€™
   73 |   TF2_ROS_PUBLIC [01;36m[KBuffer[m[K(
      |                  [01;36m[K^~~~~~[m[K
[01m[K/opt/ros/humble/include/tf2_ros/tf2_ros/buffer.h:73:18:[m[K [01;36m[Knote: [m[K  candidate expects 3 arguments, 0 provided
[01m[K/home/rhobtor/PHD/ARGOJ8_IA/src/car_cpp/src/slope_terrain.cpp:[m[K At global scope:
[01m[K/home/rhobtor/PHD/ARGOJ8_IA/src/car_cpp/src/slope_terrain.cpp:237:2:[m[K [01;31m[Kerror: [m[Kexpected unqualified-id at end of input
  237 | }
      |  [01;31m[K^[m[K
gmake[2]: *** [CMakeFiles/slope_terrain.dir/build.make:76: CMakeFiles/slope_terrain.dir/src/slope_terrain.cpp.o] Error 1
gmake[1]: *** [CMakeFiles/Makefile2:369: CMakeFiles/slope_terrain.dir/all] Error 2
gmake: *** [Makefile:146: all] Error 2
