[ 50%] [32mBuilding CXX object CMakeFiles/gazebo_ros_j8_wheels_plugin.dir/src/gazebo_ros_j8_wheels_speed.cpp.o[0m
[01m[K/home/rhobtor/PHD/ARGOJ8_IA/src/gazebo_sim_pkgs/j8_xacro_model/src/gazebo_ros_j8_wheels_speed.cpp:[m[K In member function â€˜[01m[Kvirtual void gazebo::GazeboRosJ8WheelsPlugin::Load(gazebo::physics::ModelPtr, sdf::v9::ElementPtr)[m[Kâ€™:
[01m[K/home/rhobtor/PHD/ARGOJ8_IA/src/gazebo_sim_pkgs/j8_xacro_model/src/gazebo_ros_j8_wheels_speed.cpp:992:3:[m[K [01;31m[Kerror: [m[Kâ€˜[01m[Kmax_wheel_torque_[m[Kâ€™ was not declared in this scope
  992 |   [01;31m[Kmax_wheel_torque_[m[K = getNum("max_wheel_torque", max_wheel_torque_);
      |   [01;31m[K^~~~~~~~~~~~~~~~~[m[K
gmake[2]: *** [CMakeFiles/gazebo_ros_j8_wheels_plugin.dir/build.make:76: CMakeFiles/gazebo_ros_j8_wheels_plugin.dir/src/gazebo_ros_j8_wheels_speed.cpp.o] Error 1
gmake[1]: *** [CMakeFiles/Makefile2:137: CMakeFiles/gazebo_ros_j8_wheels_plugin.dir/all] Error 2
gmake: *** [Makefile:146: all] Error 2
